2018-05-26 04:52:01,089 - ScrumbanBoard - INFO - ClientUsers was created
2018-05-26 04:52:01,089 - ScrumbanBoard - INFO - ClientTeams was created
2018-05-26 04:52:01,089 - ScrumbanBoard - INFO - Client was created
2018-05-26 04:52:01,089 - ScrumbanBoard - INFO - Cardlist (a0967cb644319d0e6d06c4ab94cdc548ee002e22) was created
2018-05-26 04:52:01,089 - ScrumbanBoard - INFO - Cardlist (2a8b9dfac2e41a6a4312cb184ea642b1afc5b8d9) was created
2018-05-26 04:52:01,089 - ScrumbanBoard - INFO - Cardlist (c3db686c0b9f5f64a43b432bf6b5374d89f39f2a) was created
2018-05-26 04:52:01,089 - ScrumbanBoard - INFO - Cardlist (1af7ed499ab50e969383357c39210d14ffdc0e3e) was created
2018-05-26 04:52:01,089 - ScrumbanBoard - INFO - Board (93e693d17f66839f99b2712c58c35b2df01ce09f) was created
2018-05-26 04:52:01,089 - ScrumbanBoard - INFO - User (5079b56e6f185d46dbf4267b0076299038f6dd9c) was created
2018-05-26 04:52:01,089 - ScrumbanBoard - INFO - User wasn't found by user_id (5079b56e6f185d46dbf4267b0076299038f6dd9c)
2018-05-26 04:52:01,090 - ScrumbanBoard - INFO - new User (5079b56e6f185d46dbf4267b0076299038f6dd9c) was added
2018-05-26 04:52:01,090 - ScrumbanBoard - INFO - Task (04bbe67e0c7635e27ff208802cef003819e410cf) was created
2018-05-26 04:52:01,090 - ScrumbanBoard - INFO - Subtask (fa75b6ae47136f69de65936d83dd5934a1d31f85) was created
2018-05-26 04:52:01,090 - ScrumbanBoard - INFO - Subtask (subtask1) wasn't found by title in Task (04bbe67e0c7635e27ff208802cef003819e410cf)
2018-05-26 04:52:01,090 - ScrumbanBoard - INFO - Subtask (fa75b6ae47136f69de65936d83dd5934a1d31f85) was added to the Task (04bbe67e0c7635e27ff208802cef003819e410cf)
2018-05-26 04:52:01,090 - ScrumbanBoard - INFO - Subtask (cfe01c1460a7fcc64199fbe242a9f9cfbd9aa1e7) was created
2018-05-26 04:52:01,090 - ScrumbanBoard - INFO - Subtask (subtask2) wasn't found by title in Task (04bbe67e0c7635e27ff208802cef003819e410cf)
2018-05-26 04:52:01,090 - ScrumbanBoard - INFO - Subtask (cfe01c1460a7fcc64199fbe242a9f9cfbd9aa1e7) was added to the Task (04bbe67e0c7635e27ff208802cef003819e410cf)
2018-05-26 04:52:01,093 - ScrumbanBoard - INFO - Remind (062a53cd9265a4e3a2bba083baae70f6b2e2b547) was created
2018-05-26 04:52:01,093 - ScrumbanBoard - INFO - Card (8d012e7d8d4881e4fc3ef32315b51500f0ff99f5) was created
2018-05-26 04:52:01,093 - ScrumbanBoard - INFO - Card (8d012e7d8d4881e4fc3ef32315b51500f0ff99f5) was updated
2018-05-26 04:52:01,093 - ScrumbanBoard - INFO - Card (8d012e7d8d4881e4fc3ef32315b51500f0ff99f5) wasn't found by card_id in Cardlist (a0967cb644319d0e6d06c4ab94cdc548ee002e22)
2018-05-26 04:52:01,093 - ScrumbanBoard - INFO - Card (8d012e7d8d4881e4fc3ef32315b51500f0ff99f5) was added in Cardlist (a0967cb644319d0e6d06c4ab94cdc548ee002e22)
2018-05-26 04:52:04,097 - ScrumbanBoard - INFO - Cardlist (1af7ed499ab50e969383357c39210d14ffdc0e3e) was found by cardlist_title on the Board (93e693d17f66839f99b2712c58c35b2df01ce09f)
2018-05-26 04:52:04,097 - ScrumbanBoard - INFO - Deadline in card (8d012e7d8d4881e4fc3ef32315b51500f0ff99f5) was delayed
2018-05-26 04:52:04,097 - ScrumbanBoard - INFO - Remind about Card (8d012e7d8d4881e4fc3ef32315b51500f0ff99f5) in the Cardlist (a0967cb644319d0e6d06c4ab94cdc548ee002e22) on the Board (93e693d17f66839f99b2712c58c35b2df01ce09f)
2018-05-26 04:52:04,098 - ScrumbanBoard - INFO - Remind (062a53cd9265a4e3a2bba083baae70f6b2e2b547) was delayed in the Card (8d012e7d8d4881e4fc3ef32315b51500f0ff99f5) in the Cardlist (a0967cb644319d0e6d06c4ab94cdc548ee002e22) on the Board (93e693d17f66839f99b2712c58c35b2df01ce09f)
2018-05-26 04:52:04,098 - ScrumbanBoard - INFO - Cardlist (1af7ed499ab50e969383357c39210d14ffdc0e3e) was found by cardlist_title on the Board (93e693d17f66839f99b2712c58c35b2df01ce09f)
2018-05-26 04:52:04,156 - ScrumbanBoard - INFO - Cardlist (1af7ed499ab50e969383357c39210d14ffdc0e3e) was found by cardlist_title on the Board (93e693d17f66839f99b2712c58c35b2df01ce09f)
2018-05-26 04:52:24,260 - ScrumbanBoard - INFO - ClientUsers was created
2018-05-26 04:52:24,260 - ScrumbanBoard - INFO - ClientTeams was created
2018-05-26 04:52:24,260 - ScrumbanBoard - INFO - Client was created
2018-05-26 04:52:24,260 - ScrumbanBoard - INFO - Cardlist (78e442f08a626e73f7e40cc67c224de7540c398c) was created
2018-05-26 04:52:24,260 - ScrumbanBoard - INFO - Cardlist (f1440f233191c28aee26bf784c193506daf8646b) was created
2018-05-26 04:52:24,261 - ScrumbanBoard - INFO - Cardlist (8b449d4b9989df10357d427abfa2f3632c7221d5) was created
2018-05-26 04:52:24,261 - ScrumbanBoard - INFO - Cardlist (9d5f14b17cecaa5b29c0dd64cbfc847f6eb092b9) was created
2018-05-26 04:52:24,261 - ScrumbanBoard - INFO - Board (97e535b997f1c14bf813a8c2596b22512f768736) was created
2018-05-26 04:52:24,261 - ScrumbanBoard - INFO - User (5079b56e6f185d46dbf4267b0076299038f6dd9c) was created
2018-05-26 04:52:24,261 - ScrumbanBoard - INFO - User wasn't found by user_id (5079b56e6f185d46dbf4267b0076299038f6dd9c)
2018-05-26 04:52:24,261 - ScrumbanBoard - INFO - new User (5079b56e6f185d46dbf4267b0076299038f6dd9c) was added
2018-05-26 04:52:24,261 - ScrumbanBoard - INFO - Task (524b20356b118a34bacac8d176cd120870971578) was created
2018-05-26 04:52:24,261 - ScrumbanBoard - INFO - Subtask (31b6189b96879d557843633ab01181c456e94d31) was created
2018-05-26 04:52:24,261 - ScrumbanBoard - INFO - Subtask (subtask1) wasn't found by title in Task (524b20356b118a34bacac8d176cd120870971578)
2018-05-26 04:52:24,261 - ScrumbanBoard - INFO - Subtask (31b6189b96879d557843633ab01181c456e94d31) was added to the Task (524b20356b118a34bacac8d176cd120870971578)
2018-05-26 04:52:24,261 - ScrumbanBoard - INFO - Subtask (280d4381765db359f755925ca635bed207ba2b29) was created
2018-05-26 04:52:24,261 - ScrumbanBoard - INFO - Subtask (subtask2) wasn't found by title in Task (524b20356b118a34bacac8d176cd120870971578)
2018-05-26 04:52:24,261 - ScrumbanBoard - INFO - Subtask (280d4381765db359f755925ca635bed207ba2b29) was added to the Task (524b20356b118a34bacac8d176cd120870971578)
2018-05-26 04:52:24,264 - ScrumbanBoard - INFO - Remind (3880a52490a27a179d8f34221026c95d09e84ec1) was created
2018-05-26 04:52:24,264 - ScrumbanBoard - INFO - Card (be56d47f0cbf124fd604bd11193ccbdd2e21e430) was created
2018-05-26 04:52:24,264 - ScrumbanBoard - INFO - Card (be56d47f0cbf124fd604bd11193ccbdd2e21e430) wasn't found by card_id in Cardlist (78e442f08a626e73f7e40cc67c224de7540c398c)
2018-05-26 04:52:24,264 - ScrumbanBoard - INFO - Card (be56d47f0cbf124fd604bd11193ccbdd2e21e430) was added in Cardlist (78e442f08a626e73f7e40cc67c224de7540c398c)
2018-05-26 04:52:27,267 - ScrumbanBoard - INFO - Cardlist (9d5f14b17cecaa5b29c0dd64cbfc847f6eb092b9) was found by cardlist_title on the Board (97e535b997f1c14bf813a8c2596b22512f768736)
2018-05-26 04:52:27,267 - ScrumbanBoard - INFO - Deadline in card (be56d47f0cbf124fd604bd11193ccbdd2e21e430) was delayed
2018-05-26 04:52:27,304 - ScrumbanBoard - INFO - Cardlist (9d5f14b17cecaa5b29c0dd64cbfc847f6eb092b9) was found by cardlist_title on the Board (97e535b997f1c14bf813a8c2596b22512f768736)
2018-05-26 04:52:27,304 - ScrumbanBoard - INFO - Deadline in card (be56d47f0cbf124fd604bd11193ccbdd2e21e430) was delayed
2018-05-26 04:53:38,801 - ScrumbanBoard - INFO - ClientUsers was created
2018-05-26 04:53:38,801 - ScrumbanBoard - INFO - ClientTeams was created
2018-05-26 04:53:38,801 - ScrumbanBoard - INFO - Client was created
2018-05-26 04:53:38,801 - ScrumbanBoard - INFO - Cardlist (36572f3921f97392ca9ac9104e7e864e3dc290f1) was created
2018-05-26 04:53:38,801 - ScrumbanBoard - INFO - Cardlist (3dd736c302412af7a0a7e77125691fecf978fe7c) was created
2018-05-26 04:53:38,801 - ScrumbanBoard - INFO - Cardlist (a662d4c8a6ea3437a4e86f829bd2cc6ade6523a4) was created
2018-05-26 04:53:38,801 - ScrumbanBoard - INFO - Cardlist (bfa9051b2dde1573d32835afee4dbf745bde13ea) was created
2018-05-26 04:53:38,801 - ScrumbanBoard - INFO - Board (e449db4ae118383cc187cfadee50b10dc2e20e9d) was created
2018-05-26 04:53:38,801 - ScrumbanBoard - INFO - User (5079b56e6f185d46dbf4267b0076299038f6dd9c) was created
2018-05-26 04:53:38,801 - ScrumbanBoard - INFO - User wasn't found by user_id (5079b56e6f185d46dbf4267b0076299038f6dd9c)
2018-05-26 04:53:38,801 - ScrumbanBoard - INFO - new User (5079b56e6f185d46dbf4267b0076299038f6dd9c) was added
2018-05-26 04:53:38,801 - ScrumbanBoard - INFO - Task (ce18d9ecc393a7720bff79326548559ba2964dc8) was created
2018-05-26 04:53:38,802 - ScrumbanBoard - INFO - Subtask (bb73a8a198ac4db1357cf3908c2ccf3b2f4a0e85) was created
2018-05-26 04:53:38,802 - ScrumbanBoard - INFO - Subtask (subtask1) wasn't found by title in Task (ce18d9ecc393a7720bff79326548559ba2964dc8)
2018-05-26 04:53:38,802 - ScrumbanBoard - INFO - Subtask (bb73a8a198ac4db1357cf3908c2ccf3b2f4a0e85) was added to the Task (ce18d9ecc393a7720bff79326548559ba2964dc8)
2018-05-26 04:53:38,802 - ScrumbanBoard - INFO - Subtask (18c6f0c449edcc5bc3bebca161eb1d0f4f661f89) was created
2018-05-26 04:53:38,802 - ScrumbanBoard - INFO - Subtask (subtask2) wasn't found by title in Task (ce18d9ecc393a7720bff79326548559ba2964dc8)
2018-05-26 04:53:38,802 - ScrumbanBoard - INFO - Subtask (18c6f0c449edcc5bc3bebca161eb1d0f4f661f89) was added to the Task (ce18d9ecc393a7720bff79326548559ba2964dc8)
2018-05-26 04:53:38,805 - ScrumbanBoard - INFO - Remind (ab91131aa4c42cabccf103dde018d82548a455fb) was created
2018-05-26 04:53:38,805 - ScrumbanBoard - INFO - Card (5e41aec370488eb317b5e2a270ebbab1325da125) was created
2018-05-26 04:53:38,805 - ScrumbanBoard - INFO - Card (5e41aec370488eb317b5e2a270ebbab1325da125) wasn't found by card_id in Cardlist (36572f3921f97392ca9ac9104e7e864e3dc290f1)
2018-05-26 04:53:38,805 - ScrumbanBoard - INFO - Card (5e41aec370488eb317b5e2a270ebbab1325da125) was added in Cardlist (36572f3921f97392ca9ac9104e7e864e3dc290f1)
2018-05-26 04:53:41,809 - ScrumbanBoard - INFO - Cardlist (bfa9051b2dde1573d32835afee4dbf745bde13ea) was found by cardlist_title on the Board (e449db4ae118383cc187cfadee50b10dc2e20e9d)
2018-05-26 04:53:41,809 - ScrumbanBoard - INFO - Deadline in card (5e41aec370488eb317b5e2a270ebbab1325da125) was delayed
2018-05-26 04:53:41,845 - ScrumbanBoard - INFO - Cardlist (bfa9051b2dde1573d32835afee4dbf745bde13ea) was found by cardlist_title on the Board (e449db4ae118383cc187cfadee50b10dc2e20e9d)
2018-05-26 04:53:41,845 - ScrumbanBoard - INFO - Deadline in card (5e41aec370488eb317b5e2a270ebbab1325da125) was delayed
2018-05-26 06:21:02,985 - ScrumbanBoard - INFO - ClientUsers was created
2018-05-26 06:21:02,985 - ScrumbanBoard - INFO - ClientTeams was created
2018-05-26 06:21:02,986 - ScrumbanBoard - INFO - Client was created
2018-05-26 06:21:02,986 - ScrumbanBoard - INFO - Cardlist (069d3ac3b759d390bdfeb9f6c441df1d4942bcbd) was created
2018-05-26 06:21:02,986 - ScrumbanBoard - INFO - Cardlist (e4d31e22ca04209ba3c7a32db2f4f4d1c45a46f0) was created
2018-05-26 06:21:02,986 - ScrumbanBoard - INFO - Cardlist (e859cfb66faf48c6bef5d65c7337a38e80fd753d) was created
2018-05-26 06:21:02,986 - ScrumbanBoard - INFO - Cardlist (f4d317ca0db6a02c5eafecdecec1c9f6faa028c1) was created
2018-05-26 06:21:02,986 - ScrumbanBoard - INFO - Board (41d92a7e1fd7deffa670dddead329a421fe611d0) was created
2018-05-26 06:21:02,986 - ScrumbanBoard - INFO - User (5079b56e6f185d46dbf4267b0076299038f6dd9c) was created
2018-05-26 06:21:02,986 - ScrumbanBoard - INFO - User wasn't found by user_id (5079b56e6f185d46dbf4267b0076299038f6dd9c)
2018-05-26 06:21:02,986 - ScrumbanBoard - INFO - new User (5079b56e6f185d46dbf4267b0076299038f6dd9c) was added
2018-05-26 06:21:18,132 - ScrumbanBoard - INFO - ClientUsers was created
2018-05-26 06:21:18,132 - ScrumbanBoard - INFO - ClientTeams was created
2018-05-26 06:21:18,132 - ScrumbanBoard - INFO - Client was created
2018-05-26 06:21:18,132 - ScrumbanBoard - INFO - Cardlist (38836be36af17067d602c9ee3e50a322c4dafee0) was created
2018-05-26 06:21:18,132 - ScrumbanBoard - INFO - Cardlist (8a8789f814d1a0370fce281a8356884088dba0ba) was created
2018-05-26 06:21:18,132 - ScrumbanBoard - INFO - Cardlist (4efd637dde7ec474f092b33f6833d43a5c06fc49) was created
2018-05-26 06:21:18,132 - ScrumbanBoard - INFO - Cardlist (1ee0b3bab031ca2209c598bac13386d23542bfc6) was created
2018-05-26 06:21:18,133 - ScrumbanBoard - INFO - Board (88c62ac53d42c2230ebe9964613ea261120d7b00) was created
2018-05-26 06:21:18,133 - ScrumbanBoard - INFO - User (5079b56e6f185d46dbf4267b0076299038f6dd9c) was created
2018-05-26 06:21:18,133 - ScrumbanBoard - INFO - User wasn't found by user_id (5079b56e6f185d46dbf4267b0076299038f6dd9c)
2018-05-26 06:21:18,133 - ScrumbanBoard - INFO - new User (5079b56e6f185d46dbf4267b0076299038f6dd9c) was added
2018-05-26 06:21:18,133 - ScrumbanBoard - INFO - Task (eb15a82c8e69101177d12f5794dabfc461524c94) was created
2018-05-26 06:21:56,777 - ScrumbanBoard - INFO - ClientUsers was created
2018-05-26 06:21:56,777 - ScrumbanBoard - INFO - ClientTeams was created
2018-05-26 06:21:56,777 - ScrumbanBoard - INFO - Client was created
2018-05-26 06:21:56,777 - ScrumbanBoard - INFO - Cardlist (c7d76d8e2665c527b7e2463e04b7ab498efa0efd) was created
2018-05-26 06:21:56,777 - ScrumbanBoard - INFO - Cardlist (e9e6fb555dca63c423b8942de441a6b50457c254) was created
2018-05-26 06:21:56,777 - ScrumbanBoard - INFO - Cardlist (db9ffdbe076afa66e1792f6391549e51b5037dc3) was created
2018-05-26 06:21:56,777 - ScrumbanBoard - INFO - Cardlist (e6d53c37a15c711b157704fe76d855095eceea98) was created
2018-05-26 06:21:56,778 - ScrumbanBoard - INFO - Board (073cb5be55209d1effc965d37f1675f87da2d325) was created
2018-05-26 06:21:56,778 - ScrumbanBoard - INFO - User (5079b56e6f185d46dbf4267b0076299038f6dd9c) was created
2018-05-26 06:21:56,778 - ScrumbanBoard - INFO - User wasn't found by user_id (5079b56e6f185d46dbf4267b0076299038f6dd9c)
2018-05-26 06:21:56,778 - ScrumbanBoard - INFO - new User (5079b56e6f185d46dbf4267b0076299038f6dd9c) was added
2018-05-26 06:21:56,778 - ScrumbanBoard - INFO - Task (c0f6402852ba9664141f3ed0f8a22745b8a49a5a) was created
2018-05-26 06:21:56,778 - ScrumbanBoard - INFO - Card (c6f51aa5f136485039ef1583f16bfb1b44704f57) was created
2018-05-26 06:22:58,277 - ScrumbanBoard - INFO - ClientUsers was created
2018-05-26 06:22:58,277 - ScrumbanBoard - INFO - ClientTeams was created
2018-05-26 06:22:58,277 - ScrumbanBoard - INFO - Client was created
2018-05-26 06:22:58,277 - ScrumbanBoard - INFO - Cardlist (1661b1831d41b83d8fd5a538a9621b04b6e67bf5) was created
2018-05-26 06:22:58,277 - ScrumbanBoard - INFO - Cardlist (68187c6e40c3be5b4a6ecc1325caddbf9944ae31) was created
2018-05-26 06:22:58,277 - ScrumbanBoard - INFO - Cardlist (6e7bdd95372f4a7d83cc22c85b4cd1eb87feca89) was created
2018-05-26 06:22:58,277 - ScrumbanBoard - INFO - Cardlist (a7b7555e7d89a09a5107fc47bde3e7c490104cde) was created
2018-05-26 06:22:58,278 - ScrumbanBoard - INFO - Board (54f34fb5558cd72fa6c3779b8e6b9c16800d66f6) was created
2018-05-26 06:22:58,278 - ScrumbanBoard - INFO - User (5079b56e6f185d46dbf4267b0076299038f6dd9c) was created
2018-05-26 06:22:58,278 - ScrumbanBoard - INFO - User wasn't found by user_id (5079b56e6f185d46dbf4267b0076299038f6dd9c)
2018-05-26 06:22:58,278 - ScrumbanBoard - INFO - new User (5079b56e6f185d46dbf4267b0076299038f6dd9c) was added
2018-05-26 06:22:58,278 - ScrumbanBoard - INFO - Task (8ed437f48f284d543a6ae61de7573b376670a650) was created
2018-05-26 06:22:58,278 - ScrumbanBoard - INFO - Card (16f81eca8a0a8c837bba3ba210f958d5ef61287a) was created
2018-05-26 12:08:55,748 - ScrumbanBoard - INFO - ClientUsers was created
2018-05-26 12:08:55,754 - ScrumbanBoard - INFO - ClientTeams was created
2018-05-26 12:08:55,754 - ScrumbanBoard - INFO - Client was created
2018-05-26 12:08:55,754 - ScrumbanBoard - INFO - Cardlist (1c157a9d8d980f4bab184083bbf44650e66516aa) was created
2018-05-26 12:08:55,754 - ScrumbanBoard - INFO - Cardlist (8af368c4949dca245bcb7bacbb2c4120f651757d) was created
2018-05-26 12:08:55,754 - ScrumbanBoard - INFO - Cardlist (5e98e232166804d1e0129ed81772c64c13712d37) was created
2018-05-26 12:08:55,754 - ScrumbanBoard - INFO - Cardlist (3bb52111682dc726b2740303ad6caad759349614) was created
2018-05-26 12:08:55,755 - ScrumbanBoard - INFO - Board (ae764f25a24eb80a0665c5865be3963beb5bb509) was created
2018-05-26 12:08:55,755 - ScrumbanBoard - INFO - User (5079b56e6f185d46dbf4267b0076299038f6dd9c) was created
2018-05-26 12:08:55,755 - ScrumbanBoard - INFO - User wasn't found by user_id (5079b56e6f185d46dbf4267b0076299038f6dd9c)
2018-05-26 12:08:55,755 - ScrumbanBoard - INFO - new User (5079b56e6f185d46dbf4267b0076299038f6dd9c) was added
2018-05-26 12:08:55,755 - ScrumbanBoard - INFO - Task (48da8025ba3dd9ba9734dc05342e0e7e94026c14) was created
2018-05-26 12:08:55,755 - ScrumbanBoard - INFO - Subtask (3d262ae289f3d1fdfa7ca07552443affe0de1787) was created
2018-05-26 12:08:55,755 - ScrumbanBoard - INFO - Subtask (subtask1) wasn't found by title in Task (48da8025ba3dd9ba9734dc05342e0e7e94026c14)
2018-05-26 12:08:55,755 - ScrumbanBoard - INFO - Subtask (3d262ae289f3d1fdfa7ca07552443affe0de1787) was added to the Task (48da8025ba3dd9ba9734dc05342e0e7e94026c14)
2018-05-26 12:08:55,755 - ScrumbanBoard - INFO - Subtask (e04022fde5b7d47ba86a672e99261ec69366f1a1) was created
2018-05-26 12:08:55,755 - ScrumbanBoard - INFO - Subtask (subtask2) wasn't found by title in Task (48da8025ba3dd9ba9734dc05342e0e7e94026c14)
2018-05-26 12:08:55,755 - ScrumbanBoard - INFO - Subtask (e04022fde5b7d47ba86a672e99261ec69366f1a1) was added to the Task (48da8025ba3dd9ba9734dc05342e0e7e94026c14)
2018-05-26 12:08:55,755 - ScrumbanBoard - INFO - Remind (5aee8ef3dd9f57674315e024275b0e9ea4ee3975) was created
2018-05-26 12:08:55,755 - ScrumbanBoard - INFO - Card (9c4b41072b151feeab7d5ce615f78affc6e0a3c5) was created
2018-05-26 12:08:55,755 - ScrumbanBoard - INFO - Card (9c4b41072b151feeab7d5ce615f78affc6e0a3c5) wasn't found by card_id in Cardlist (1c157a9d8d980f4bab184083bbf44650e66516aa)
2018-05-26 12:08:55,755 - ScrumbanBoard - INFO - Card (9c4b41072b151feeab7d5ce615f78affc6e0a3c5) was added in Cardlist (1c157a9d8d980f4bab184083bbf44650e66516aa)
2018-05-26 12:08:58,759 - ScrumbanBoard - INFO - Cardlist (3bb52111682dc726b2740303ad6caad759349614) was found by cardlist_title on the Board (ae764f25a24eb80a0665c5865be3963beb5bb509)
2018-05-26 12:09:17,215 - ScrumbanBoard - INFO - ClientUsers was created
2018-05-26 12:09:17,216 - ScrumbanBoard - INFO - ClientTeams was created
2018-05-26 12:09:17,216 - ScrumbanBoard - INFO - Client was created
2018-05-26 12:09:17,216 - ScrumbanBoard - INFO - Cardlist (c71ad2d4796a622c9ab424d47c2dff9ba0a141ff) was created
2018-05-26 12:09:17,216 - ScrumbanBoard - INFO - Cardlist (959e375e497021e06fc37958277e9b5be15584a5) was created
2018-05-26 12:09:17,216 - ScrumbanBoard - INFO - Cardlist (a6f5ffaf70165410279c256081323984f5b938ed) was created
2018-05-26 12:09:17,216 - ScrumbanBoard - INFO - Cardlist (4b2a836654627d7dbbb042879fd2682c94d4fb3f) was created
2018-05-26 12:09:17,216 - ScrumbanBoard - INFO - Board (6d57a68397c280d84a69f544d88924f8d4ffebba) was created
2018-05-26 12:09:17,216 - ScrumbanBoard - INFO - User (5079b56e6f185d46dbf4267b0076299038f6dd9c) was created
2018-05-26 12:09:17,216 - ScrumbanBoard - INFO - User wasn't found by user_id (5079b56e6f185d46dbf4267b0076299038f6dd9c)
2018-05-26 12:09:17,216 - ScrumbanBoard - INFO - new User (5079b56e6f185d46dbf4267b0076299038f6dd9c) was added
2018-05-26 12:09:17,216 - ScrumbanBoard - INFO - Task (2d0a59a246cbab5df5fe91870aed5abf761fda62) was created
2018-05-26 12:09:17,216 - ScrumbanBoard - INFO - Subtask (7f1f921fbee588e65b5c8c25505f8de1efd0af72) was created
2018-05-26 12:09:17,216 - ScrumbanBoard - INFO - Subtask (subtask1) wasn't found by title in Task (2d0a59a246cbab5df5fe91870aed5abf761fda62)
2018-05-26 12:09:17,216 - ScrumbanBoard - INFO - Subtask (7f1f921fbee588e65b5c8c25505f8de1efd0af72) was added to the Task (2d0a59a246cbab5df5fe91870aed5abf761fda62)
2018-05-26 12:09:17,216 - ScrumbanBoard - INFO - Subtask (3384e2c51c00f563f7d1e6b57ce4ccfba3cb0e1f) was created
2018-05-26 12:09:17,216 - ScrumbanBoard - INFO - Subtask (subtask2) wasn't found by title in Task (2d0a59a246cbab5df5fe91870aed5abf761fda62)
2018-05-26 12:09:17,216 - ScrumbanBoard - INFO - Subtask (3384e2c51c00f563f7d1e6b57ce4ccfba3cb0e1f) was added to the Task (2d0a59a246cbab5df5fe91870aed5abf761fda62)
2018-05-26 12:09:17,241 - ScrumbanBoard - INFO - Remind (8951173b663876972cf2ab71e875342c0c43db4f) was created
2018-05-26 12:09:17,241 - ScrumbanBoard - INFO - Card (1586aab02a19ef173d500e37f29492a64ea90a3c) was created
2018-05-26 12:09:17,241 - ScrumbanBoard - INFO - Card (1586aab02a19ef173d500e37f29492a64ea90a3c) wasn't found by card_id in Cardlist (c71ad2d4796a622c9ab424d47c2dff9ba0a141ff)
2018-05-26 12:09:17,241 - ScrumbanBoard - INFO - Card (1586aab02a19ef173d500e37f29492a64ea90a3c) was added in Cardlist (c71ad2d4796a622c9ab424d47c2dff9ba0a141ff)
2018-05-26 12:09:20,245 - ScrumbanBoard - INFO - Cardlist (4b2a836654627d7dbbb042879fd2682c94d4fb3f) was found by cardlist_title on the Board (6d57a68397c280d84a69f544d88924f8d4ffebba)
2018-05-26 12:09:20,245 - ScrumbanBoard - INFO - Deadline in card (1586aab02a19ef173d500e37f29492a64ea90a3c) was delayed
2018-05-26 12:09:20,430 - ScrumbanBoard - INFO - Cardlist (4b2a836654627d7dbbb042879fd2682c94d4fb3f) was found by cardlist_title on the Board (6d57a68397c280d84a69f544d88924f8d4ffebba)
2018-05-26 12:09:20,430 - ScrumbanBoard - INFO - Deadline in card (1586aab02a19ef173d500e37f29492a64ea90a3c) was delayed
2018-05-26 12:40:09,166 - ScrumbanBoard - INFO - ClientUsers was created
2018-05-26 12:40:09,167 - ScrumbanBoard - INFO - ClientTeams was created
2018-05-26 12:40:09,167 - ScrumbanBoard - INFO - Client was created
2018-05-26 12:40:09,167 - ScrumbanBoard - INFO - Cardlist (5e3176412bb5dc99dab05b7b2b572642fccec6bc) was created
2018-05-26 12:40:09,167 - ScrumbanBoard - INFO - Cardlist (6494252784e046555200cafb5d39d732444c5171) was created
2018-05-26 12:40:09,167 - ScrumbanBoard - INFO - Cardlist (a9cbb265b3a3eb391b9e2f9466c27221a6e31677) was created
2018-05-26 12:40:09,167 - ScrumbanBoard - INFO - Cardlist (8e6f62f6fa9fac3130383e3ca043cbc407e2d3d1) was created
2018-05-26 12:40:09,167 - ScrumbanBoard - INFO - Board (e0582ecf0ed2d9438b534d8866885a9e030d13e9) was created
2018-05-26 12:40:09,167 - ScrumbanBoard - INFO - User (5079b56e6f185d46dbf4267b0076299038f6dd9c) was created
2018-05-26 12:40:09,167 - ScrumbanBoard - INFO - User wasn't found by user_id (5079b56e6f185d46dbf4267b0076299038f6dd9c)
2018-05-26 12:40:09,167 - ScrumbanBoard - INFO - new User (5079b56e6f185d46dbf4267b0076299038f6dd9c) was added
2018-05-26 12:40:09,167 - ScrumbanBoard - INFO - Task (1ec0f02bf1d0d02535cd051807764a7fe7ea555a) was created
2018-05-26 12:40:09,167 - ScrumbanBoard - INFO - Subtask (4ec8855df74283c5949279185adda84ca329c765) was created
2018-05-26 12:40:09,167 - ScrumbanBoard - INFO - Subtask (subtask1) wasn't found by title in Task (1ec0f02bf1d0d02535cd051807764a7fe7ea555a)
2018-05-26 12:40:09,167 - ScrumbanBoard - INFO - Subtask (4ec8855df74283c5949279185adda84ca329c765) was added to the Task (1ec0f02bf1d0d02535cd051807764a7fe7ea555a)
2018-05-26 12:40:09,167 - ScrumbanBoard - INFO - Subtask (9e59aa8cc467c40b4631b26cfd78f77359d55990) was created
2018-05-26 12:40:09,167 - ScrumbanBoard - INFO - Subtask (subtask2) wasn't found by title in Task (1ec0f02bf1d0d02535cd051807764a7fe7ea555a)
2018-05-26 12:40:09,167 - ScrumbanBoard - INFO - Subtask (9e59aa8cc467c40b4631b26cfd78f77359d55990) was added to the Task (1ec0f02bf1d0d02535cd051807764a7fe7ea555a)
2018-05-26 12:40:09,170 - ScrumbanBoard - INFO - Remind (bc5beff977060dbe1d1ed08c2b0afc015bc90f40) was created
2018-05-26 12:40:09,170 - ScrumbanBoard - INFO - Card (0a1228c19fc12cd06af418d49936c3708fa5c4a0) was created
2018-05-26 12:40:09,170 - ScrumbanBoard - INFO - Card (0a1228c19fc12cd06af418d49936c3708fa5c4a0) wasn't found by card_id in Cardlist (5e3176412bb5dc99dab05b7b2b572642fccec6bc)
2018-05-26 12:40:09,170 - ScrumbanBoard - INFO - Card (0a1228c19fc12cd06af418d49936c3708fa5c4a0) was added in Cardlist (5e3176412bb5dc99dab05b7b2b572642fccec6bc)
2018-05-26 12:40:12,173 - ScrumbanBoard - INFO - Cardlist (8e6f62f6fa9fac3130383e3ca043cbc407e2d3d1) was found by cardlist_title on the Board (e0582ecf0ed2d9438b534d8866885a9e030d13e9)
2018-05-26 12:40:12,174 - ScrumbanBoard - INFO - Deadline in card (0a1228c19fc12cd06af418d49936c3708fa5c4a0) was delayed
2018-05-26 12:40:12,207 - ScrumbanBoard - INFO - Cardlist (8e6f62f6fa9fac3130383e3ca043cbc407e2d3d1) was found by cardlist_title on the Board (e0582ecf0ed2d9438b534d8866885a9e030d13e9)
2018-05-26 12:40:12,207 - ScrumbanBoard - INFO - Deadline in card (0a1228c19fc12cd06af418d49936c3708fa5c4a0) was delayed
2018-05-26 15:59:44,820 - ScrumbanBoard - INFO - ClientUsers was created
2018-05-26 15:59:44,821 - ScrumbanBoard - INFO - ClientTeams was created
2018-05-26 15:59:44,821 - ScrumbanBoard - INFO - Client was created
2018-05-26 15:59:44,821 - ScrumbanBoard - INFO - Cardlist (ac93c1760995ff60894f28488a46735e0b0acdfb) was created
2018-05-26 15:59:44,821 - ScrumbanBoard - INFO - Cardlist (dcdc0557f0a28cab22ca6200f2b5d6c259117098) was created
2018-05-26 15:59:44,821 - ScrumbanBoard - INFO - Cardlist (a953ee921f837ddf2e72fdbe6e3451f31a2889ab) was created
2018-05-26 15:59:44,821 - ScrumbanBoard - INFO - Cardlist (fb713945c78b77419c0cdd11bc071686c93345cb) was created
2018-05-26 15:59:44,821 - ScrumbanBoard - INFO - Board (2d08f7cb5ebf2a75b4a79ba3caebf9b58952e755) was created
2018-05-26 15:59:44,821 - ScrumbanBoard - INFO - User (5079b56e6f185d46dbf4267b0076299038f6dd9c) was created
2018-05-26 15:59:44,821 - ScrumbanBoard - INFO - User wasn't found by user_id (5079b56e6f185d46dbf4267b0076299038f6dd9c)
2018-05-26 15:59:44,821 - ScrumbanBoard - INFO - new User (5079b56e6f185d46dbf4267b0076299038f6dd9c) was added
2018-05-26 15:59:44,821 - ScrumbanBoard - INFO - Task (4be38c7e69c90c2999cac1c098bb196ab6dd37d2) was created
2018-05-26 15:59:44,822 - ScrumbanBoard - INFO - Subtask (88c4d1043a819776ea31da04d708abf27ee89827) was created
2018-05-26 15:59:44,822 - ScrumbanBoard - INFO - Subtask (subtask1) wasn't found by title in Task (4be38c7e69c90c2999cac1c098bb196ab6dd37d2)
2018-05-26 15:59:44,822 - ScrumbanBoard - INFO - Subtask (88c4d1043a819776ea31da04d708abf27ee89827) was added to the Task (4be38c7e69c90c2999cac1c098bb196ab6dd37d2)
2018-05-26 15:59:44,822 - ScrumbanBoard - INFO - Subtask (ff2852ccf69e3820fa875dc72a90b0b4cda459c9) was created
2018-05-26 15:59:44,822 - ScrumbanBoard - INFO - Subtask (subtask2) wasn't found by title in Task (4be38c7e69c90c2999cac1c098bb196ab6dd37d2)
2018-05-26 15:59:44,822 - ScrumbanBoard - INFO - Subtask (ff2852ccf69e3820fa875dc72a90b0b4cda459c9) was added to the Task (4be38c7e69c90c2999cac1c098bb196ab6dd37d2)
2018-05-26 15:59:44,854 - ScrumbanBoard - INFO - Remind (17375f8d3968f2fe70bebd5724aa8b1d15d27efa) was created
2018-05-26 15:59:44,854 - ScrumbanBoard - INFO - Card (922055425908e06672ac2fb44af76c0bf14f0054) was created
2018-05-26 15:59:44,854 - ScrumbanBoard - INFO - Card (922055425908e06672ac2fb44af76c0bf14f0054) wasn't found by card_id in Cardlist (ac93c1760995ff60894f28488a46735e0b0acdfb)
2018-05-26 15:59:44,854 - ScrumbanBoard - INFO - Card (922055425908e06672ac2fb44af76c0bf14f0054) was added in Cardlist (ac93c1760995ff60894f28488a46735e0b0acdfb)
2018-05-26 15:59:47,857 - ScrumbanBoard - INFO - Cardlist (fb713945c78b77419c0cdd11bc071686c93345cb) was found by cardlist_title on the Board (2d08f7cb5ebf2a75b4a79ba3caebf9b58952e755)
2018-05-26 15:59:47,858 - ScrumbanBoard - INFO - Deadline in card (922055425908e06672ac2fb44af76c0bf14f0054) was delayed
2018-05-26 15:59:47,974 - ScrumbanBoard - INFO - Cardlist (fb713945c78b77419c0cdd11bc071686c93345cb) was found by cardlist_title on the Board (2d08f7cb5ebf2a75b4a79ba3caebf9b58952e755)
2018-05-26 15:59:47,974 - ScrumbanBoard - INFO - Deadline in card (922055425908e06672ac2fb44af76c0bf14f0054) was delayed
2018-05-26 15:59:55,706 - ScrumbanBoard - INFO - ClientUsers was created
2018-05-26 15:59:55,706 - ScrumbanBoard - INFO - ClientTeams was created
2018-05-26 15:59:55,706 - ScrumbanBoard - INFO - Client was created
2018-05-26 15:59:55,706 - ScrumbanBoard - INFO - Cardlist (bcf4e8761fb6cce1514cc169d09d068ce41de5ba) was created
2018-05-26 15:59:55,706 - ScrumbanBoard - INFO - Cardlist (90263ee7de1443aa33019edd5225391bb97f4869) was created
2018-05-26 15:59:55,707 - ScrumbanBoard - INFO - Cardlist (888dcbf1e49a2819a26c94ea74996170620cf4fb) was created
2018-05-26 15:59:55,707 - ScrumbanBoard - INFO - Cardlist (3edf3f639fb4a5792e491d6cc938b52bcb5a9fb7) was created
2018-05-26 15:59:55,707 - ScrumbanBoard - INFO - Board (3d29225f2b518f1fb137d2714b442dbc0051e40d) was created
2018-05-26 15:59:55,707 - ScrumbanBoard - INFO - User (5079b56e6f185d46dbf4267b0076299038f6dd9c) was created
2018-05-26 15:59:55,707 - ScrumbanBoard - INFO - User wasn't found by user_id (5079b56e6f185d46dbf4267b0076299038f6dd9c)
2018-05-26 15:59:55,707 - ScrumbanBoard - INFO - new User (5079b56e6f185d46dbf4267b0076299038f6dd9c) was added
2018-05-26 15:59:55,707 - ScrumbanBoard - INFO - Task (1c087cc83dc7121b8af57be40de33ebd5d4479f4) was created
2018-05-26 15:59:55,707 - ScrumbanBoard - INFO - Subtask (14d49e9be85aaa2e5ebbd85559ed7b36184eac2c) was created
2018-05-26 15:59:55,707 - ScrumbanBoard - INFO - Subtask (subtask1) wasn't found by title in Task (1c087cc83dc7121b8af57be40de33ebd5d4479f4)
2018-05-26 15:59:55,707 - ScrumbanBoard - INFO - Subtask (14d49e9be85aaa2e5ebbd85559ed7b36184eac2c) was added to the Task (1c087cc83dc7121b8af57be40de33ebd5d4479f4)
2018-05-26 15:59:55,707 - ScrumbanBoard - INFO - Subtask (82120d51283ae0b2159aeda5ac9466084aaad216) was created
2018-05-26 15:59:55,707 - ScrumbanBoard - INFO - Subtask (subtask2) wasn't found by title in Task (1c087cc83dc7121b8af57be40de33ebd5d4479f4)
2018-05-26 15:59:55,707 - ScrumbanBoard - INFO - Subtask (82120d51283ae0b2159aeda5ac9466084aaad216) was added to the Task (1c087cc83dc7121b8af57be40de33ebd5d4479f4)
2018-05-26 15:59:55,707 - ScrumbanBoard - INFO - Remind (17d3c8d9885f9a34b8879bed2b58e1ca94bda093) was created
2018-05-26 15:59:55,707 - ScrumbanBoard - INFO - Card (8f62f480785b2cbf385f80dc73b1aa3c62d3c000) was created
2018-05-26 15:59:55,708 - ScrumbanBoard - INFO - Card (8f62f480785b2cbf385f80dc73b1aa3c62d3c000) wasn't found by card_id in Cardlist (bcf4e8761fb6cce1514cc169d09d068ce41de5ba)
2018-05-26 15:59:55,708 - ScrumbanBoard - INFO - Card (8f62f480785b2cbf385f80dc73b1aa3c62d3c000) was added in Cardlist (bcf4e8761fb6cce1514cc169d09d068ce41de5ba)
2018-05-26 15:59:58,711 - ScrumbanBoard - INFO - Cardlist (3edf3f639fb4a5792e491d6cc938b52bcb5a9fb7) was found by cardlist_title on the Board (3d29225f2b518f1fb137d2714b442dbc0051e40d)
2018-05-26 15:59:58,711 - ScrumbanBoard - INFO - Deadline in card (8f62f480785b2cbf385f80dc73b1aa3c62d3c000) was delayed
2018-05-26 15:59:58,772 - ScrumbanBoard - INFO - Cardlist (3edf3f639fb4a5792e491d6cc938b52bcb5a9fb7) was found by cardlist_title on the Board (3d29225f2b518f1fb137d2714b442dbc0051e40d)
2018-05-26 15:59:58,772 - ScrumbanBoard - INFO - Deadline in card (8f62f480785b2cbf385f80dc73b1aa3c62d3c000) was delayed
2018-05-26 16:02:56,636 - ScrumbanBoard - INFO - ClientUsers was created
2018-05-26 16:02:56,636 - ScrumbanBoard - INFO - ClientTeams was created
2018-05-26 16:02:56,636 - ScrumbanBoard - INFO - Client was created
2018-05-26 16:02:56,636 - ScrumbanBoard - INFO - Cardlist (f07b31bfc58aeab34a4ac32a42b1cf79a551abdc) was created
2018-05-26 16:02:56,637 - ScrumbanBoard - INFO - Cardlist (b51f3dd5ed8c3650a49509f1ed265e45369e9c45) was created
2018-05-26 16:02:56,637 - ScrumbanBoard - INFO - Cardlist (f83a163d0d799756d328d7dc92da4d9de1b1ce83) was created
2018-05-26 16:02:56,637 - ScrumbanBoard - INFO - Cardlist (325c9d530b010a5a49408063c31b4023955ca8a5) was created
2018-05-26 16:02:56,637 - ScrumbanBoard - INFO - Board (70710c90ac30d25ca84ac468259e047589db3a5a) was created
2018-05-26 16:02:56,637 - ScrumbanBoard - INFO - User (5079b56e6f185d46dbf4267b0076299038f6dd9c) was created
2018-05-26 16:02:56,637 - ScrumbanBoard - INFO - User wasn't found by user_id (5079b56e6f185d46dbf4267b0076299038f6dd9c)
2018-05-26 16:02:56,637 - ScrumbanBoard - INFO - new User (5079b56e6f185d46dbf4267b0076299038f6dd9c) was added
2018-05-26 16:02:56,637 - ScrumbanBoard - INFO - Task (25769f5121b6584eca3ee1c8aaf35ab8babf73bf) was created
2018-05-26 16:02:56,637 - ScrumbanBoard - INFO - Subtask (54b7185ca2b94abc1eb0cc10655316b62749ca1e) was created
2018-05-26 16:02:56,637 - ScrumbanBoard - INFO - Subtask (subtask1) wasn't found by title in Task (25769f5121b6584eca3ee1c8aaf35ab8babf73bf)
2018-05-26 16:02:56,637 - ScrumbanBoard - INFO - Subtask (54b7185ca2b94abc1eb0cc10655316b62749ca1e) was added to the Task (25769f5121b6584eca3ee1c8aaf35ab8babf73bf)
2018-05-26 16:02:56,637 - ScrumbanBoard - INFO - Subtask (a1187d9cbe3ee7420908a92d5f3aabaac33dd6b1) was created
2018-05-26 16:02:56,637 - ScrumbanBoard - INFO - Subtask (subtask2) wasn't found by title in Task (25769f5121b6584eca3ee1c8aaf35ab8babf73bf)
2018-05-26 16:02:56,637 - ScrumbanBoard - INFO - Subtask (a1187d9cbe3ee7420908a92d5f3aabaac33dd6b1) was added to the Task (25769f5121b6584eca3ee1c8aaf35ab8babf73bf)
2018-05-26 16:02:56,637 - ScrumbanBoard - INFO - Remind (46ae1e5d4ccb969d8d5a491cbe347512c2a5db6f) was created
2018-05-26 16:02:56,637 - ScrumbanBoard - INFO - Card (054e418233175f4e2285a79234fc15c147ed70e9) was created
2018-05-26 16:02:56,637 - ScrumbanBoard - INFO - Card (054e418233175f4e2285a79234fc15c147ed70e9) wasn't found by card_id in Cardlist (f07b31bfc58aeab34a4ac32a42b1cf79a551abdc)
2018-05-26 16:02:56,637 - ScrumbanBoard - INFO - Card (054e418233175f4e2285a79234fc15c147ed70e9) was added in Cardlist (f07b31bfc58aeab34a4ac32a42b1cf79a551abdc)
2018-05-26 16:02:59,638 - ScrumbanBoard - INFO - Cardlist (325c9d530b010a5a49408063c31b4023955ca8a5) was found by cardlist_title on the Board (70710c90ac30d25ca84ac468259e047589db3a5a)
2018-05-26 16:02:59,638 - ScrumbanBoard - INFO - Deadline in card (054e418233175f4e2285a79234fc15c147ed70e9) was delayed
2018-05-26 16:02:59,700 - ScrumbanBoard - INFO - Cardlist (325c9d530b010a5a49408063c31b4023955ca8a5) was found by cardlist_title on the Board (70710c90ac30d25ca84ac468259e047589db3a5a)
2018-05-26 16:02:59,700 - ScrumbanBoard - INFO - Deadline in card (054e418233175f4e2285a79234fc15c147ed70e9) was delayed
2018-05-26 16:04:48,180 - ScrumbanBoard - INFO - ClientUsers was created
2018-05-26 16:04:48,180 - ScrumbanBoard - INFO - ClientTeams was created
2018-05-26 16:04:48,180 - ScrumbanBoard - INFO - Client was created
2018-05-26 16:04:48,180 - ScrumbanBoard - INFO - Cardlist (4b8161bb239d30ce52bc214562f4cacb3a4e6684) was created
2018-05-26 16:04:48,180 - ScrumbanBoard - INFO - Cardlist (8e67483e9c720f3123c59e8b481c5a7c0c6bfe70) was created
2018-05-26 16:04:48,180 - ScrumbanBoard - INFO - Cardlist (49da34682ffb13c26365ad27cd0bc1f54b3c7c3e) was created
2018-05-26 16:04:48,181 - ScrumbanBoard - INFO - Cardlist (47039237c4506d40c249354e61ee776d55a9f291) was created
2018-05-26 16:04:48,181 - ScrumbanBoard - INFO - Board (3d5fef3567f700fb223a34f4f77a90e9b8daed76) was created
2018-05-26 16:04:48,181 - ScrumbanBoard - INFO - User (5079b56e6f185d46dbf4267b0076299038f6dd9c) was created
2018-05-26 16:04:48,181 - ScrumbanBoard - INFO - User wasn't found by user_id (5079b56e6f185d46dbf4267b0076299038f6dd9c)
2018-05-26 16:04:48,181 - ScrumbanBoard - INFO - new User (5079b56e6f185d46dbf4267b0076299038f6dd9c) was added
2018-05-26 16:04:48,181 - ScrumbanBoard - INFO - Task (a3a51e4da84335d967183b048c95f6abeccaedcf) was created
2018-05-26 16:04:48,181 - ScrumbanBoard - INFO - Subtask (26007457b6961f199c6e17266813d1775b2de812) was created
2018-05-26 16:04:48,181 - ScrumbanBoard - INFO - Subtask (subtask1) wasn't found by title in Task (a3a51e4da84335d967183b048c95f6abeccaedcf)
2018-05-26 16:04:48,181 - ScrumbanBoard - INFO - Subtask (26007457b6961f199c6e17266813d1775b2de812) was added to the Task (a3a51e4da84335d967183b048c95f6abeccaedcf)
2018-05-26 16:04:48,181 - ScrumbanBoard - INFO - Subtask (58e9637482d8c5d1cb245887fc8956e084e55d9e) was created
2018-05-26 16:04:48,181 - ScrumbanBoard - INFO - Subtask (subtask2) wasn't found by title in Task (a3a51e4da84335d967183b048c95f6abeccaedcf)
2018-05-26 16:04:48,181 - ScrumbanBoard - INFO - Subtask (58e9637482d8c5d1cb245887fc8956e084e55d9e) was added to the Task (a3a51e4da84335d967183b048c95f6abeccaedcf)
2018-05-26 16:04:48,181 - ScrumbanBoard - INFO - Remind (79b71dec6e56df5b8eb8c88560a8931cd17c64fc) was created
2018-05-26 16:04:48,181 - ScrumbanBoard - INFO - Card (ed82f18fa0e75221e8c993ca4846204918ad090c) was created
2018-05-26 16:04:48,181 - ScrumbanBoard - INFO - Card (ed82f18fa0e75221e8c993ca4846204918ad090c) wasn't found by card_id in Cardlist (4b8161bb239d30ce52bc214562f4cacb3a4e6684)
2018-05-26 16:04:48,181 - ScrumbanBoard - INFO - Card (ed82f18fa0e75221e8c993ca4846204918ad090c) was added in Cardlist (4b8161bb239d30ce52bc214562f4cacb3a4e6684)
2018-05-26 16:04:51,185 - ScrumbanBoard - INFO - Cardlist (47039237c4506d40c249354e61ee776d55a9f291) was found by cardlist_title on the Board (3d5fef3567f700fb223a34f4f77a90e9b8daed76)
2018-05-26 16:04:51,185 - ScrumbanBoard - INFO - Deadline in card (ed82f18fa0e75221e8c993ca4846204918ad090c) was delayed
2018-05-26 16:04:51,246 - ScrumbanBoard - INFO - Cardlist (47039237c4506d40c249354e61ee776d55a9f291) was found by cardlist_title on the Board (3d5fef3567f700fb223a34f4f77a90e9b8daed76)
2018-05-26 16:04:51,246 - ScrumbanBoard - INFO - Deadline in card (ed82f18fa0e75221e8c993ca4846204918ad090c) was delayed
