2018-05-27 19:56:49,082 - ScrumbanBoard - INFO - ClientUsers was created
2018-05-27 19:56:49,082 - ScrumbanBoard - INFO - ClientTeams was created
2018-05-27 19:56:49,082 - ScrumbanBoard - INFO - Client was created
2018-05-27 19:56:49,082 - ScrumbanBoard - INFO - Cardlist (5216970a360f3d7cf0e93fd99460eb274acd058d) was created
2018-05-27 19:56:49,082 - ScrumbanBoard - INFO - Cardlist (b4b57c5688941e0715ec8f2563495bffdd9c612b) was created
2018-05-27 19:56:49,083 - ScrumbanBoard - INFO - Cardlist (bf4589db23fc09392507361400349ae37df28805) was created
2018-05-27 19:56:49,083 - ScrumbanBoard - INFO - Cardlist (8d63a1b75773756a736484b999251ba7615b2bed) was created
2018-05-27 19:56:49,083 - ScrumbanBoard - INFO - Board (3375efb1e987184cab49cc7a22df71b6e8ac3325) was created
2018-05-27 19:56:49,084 - ScrumbanBoard - INFO - User (92c83ee65a0d9cdc0f4b345a00612825cbb0a8b2) was created
2018-05-27 19:56:49,084 - ScrumbanBoard - INFO - User wasn't found by user_id (92c83ee65a0d9cdc0f4b345a00612825cbb0a8b2)
2018-05-27 19:56:49,084 - ScrumbanBoard - INFO - new User (92c83ee65a0d9cdc0f4b345a00612825cbb0a8b2) was added
2018-05-27 19:56:49,084 - ScrumbanBoard - INFO - Task (549ad3af4892ba17e2a2e8ea994b5c2ac07908aa) was created
2018-05-27 19:56:49,084 - ScrumbanBoard - INFO - Subtask (a2bf8d3a3e86113fe146af748d041804677b1c7a) was created
2018-05-27 19:56:49,084 - ScrumbanBoard - INFO - Subtask (subtask1) wasn't found by title in Task (549ad3af4892ba17e2a2e8ea994b5c2ac07908aa)
2018-05-27 19:56:49,084 - ScrumbanBoard - INFO - Subtask (a2bf8d3a3e86113fe146af748d041804677b1c7a) was added to the Task (549ad3af4892ba17e2a2e8ea994b5c2ac07908aa)
2018-05-27 19:56:49,085 - ScrumbanBoard - INFO - Subtask (f2cfa0767c5d5a4dc1d0ab0eb8024bd122ed3be5) was created
2018-05-27 19:56:49,085 - ScrumbanBoard - INFO - Subtask (subtask2) wasn't found by title in Task (549ad3af4892ba17e2a2e8ea994b5c2ac07908aa)
2018-05-27 19:56:49,085 - ScrumbanBoard - INFO - Subtask (f2cfa0767c5d5a4dc1d0ab0eb8024bd122ed3be5) was added to the Task (549ad3af4892ba17e2a2e8ea994b5c2ac07908aa)
2018-05-27 19:56:49,085 - ScrumbanBoard - INFO - Remind (86900e34e3fff217d3537e26561dbd6108d1db96) was created
2018-05-27 19:56:49,085 - ScrumbanBoard - INFO - Card (73a1a5a5b6ff9f06ce6de350b14ee8c337ec541b) was created
2018-05-27 19:56:49,085 - ScrumbanBoard - INFO - Card (73a1a5a5b6ff9f06ce6de350b14ee8c337ec541b) wasn't found by card_id in Cardlist (5216970a360f3d7cf0e93fd99460eb274acd058d)
2018-05-27 19:56:49,085 - ScrumbanBoard - INFO - Card (73a1a5a5b6ff9f06ce6de350b14ee8c337ec541b) was added in Cardlist (5216970a360f3d7cf0e93fd99460eb274acd058d)
2018-05-27 19:56:52,089 - ScrumbanBoard - INFO - Cardlist (8d63a1b75773756a736484b999251ba7615b2bed) was found by cardlist_title on the Board (3375efb1e987184cab49cc7a22df71b6e8ac3325)
2018-05-27 19:56:52,089 - ScrumbanBoard - INFO - Cardlist (5216970a360f3d7cf0e93fd99460eb274acd058d) was found by cardlist_id on the Board (3375efb1e987184cab49cc7a22df71b6e8ac3325)
2018-05-27 19:56:52,089 - ScrumbanBoard - INFO - Cardlist (8d63a1b75773756a736484b999251ba7615b2bed) was found by cardlist_id on the Board (3375efb1e987184cab49cc7a22df71b6e8ac3325)
2018-05-27 19:56:52,090 - ScrumbanBoard - INFO - Card (73a1a5a5b6ff9f06ce6de350b14ee8c337ec541b) was found by card_id in Cardlist (5216970a360f3d7cf0e93fd99460eb274acd058d)
2018-05-27 19:56:52,090 - ScrumbanBoard - INFO - Card (73a1a5a5b6ff9f06ce6de350b14ee8c337ec541b) was found by card_id in Cardlist (5216970a360f3d7cf0e93fd99460eb274acd058d)
2018-05-27 19:56:52,090 - ScrumbanBoard - INFO - Card (73a1a5a5b6ff9f06ce6de350b14ee8c337ec541b) was removed from Cardlist (5216970a360f3d7cf0e93fd99460eb274acd058d)
2018-05-27 19:56:52,090 - ScrumbanBoard - INFO - Card (73a1a5a5b6ff9f06ce6de350b14ee8c337ec541b) wasn't found by card_id in Cardlist (8d63a1b75773756a736484b999251ba7615b2bed)
2018-05-27 19:56:52,090 - ScrumbanBoard - INFO - Card (73a1a5a5b6ff9f06ce6de350b14ee8c337ec541b) was added in Cardlist (8d63a1b75773756a736484b999251ba7615b2bed)
2018-05-27 19:56:52,091 - ScrumbanBoard - INFO - Card (73a1a5a5b6ff9f06ce6de350b14ee8c337ec541b) was moved from CardList (5216970a360f3d7cf0e93fd99460eb274acd058d) to Cardlist (8d63a1b75773756a736484b999251ba7615b2bed)
2018-05-27 19:56:52,091 - ScrumbanBoard - INFO - Card (73a1a5a5b6ff9f06ce6de350b14ee8c337ec541b) was moved to the Overdue Cardlist (5216970a360f3d7cf0e93fd99460eb274acd058d) in the Board (3375efb1e987184cab49cc7a22df71b6e8ac3325)
2018-05-27 19:56:52,091 - ScrumbanBoard - INFO - Cardlist (8d63a1b75773756a736484b999251ba7615b2bed) was found by cardlist_title on the Board (3375efb1e987184cab49cc7a22df71b6e8ac3325)
2018-05-27 19:56:52,104 - ScrumbanBoard - INFO - Cardlist (8d63a1b75773756a736484b999251ba7615b2bed) was found by cardlist_title on the Board (3375efb1e987184cab49cc7a22df71b6e8ac3325)
